<?xml version="1.0" encoding="UTF-8"?>
<testsuite name="org.example.controllers.ConversionTest$ConvertFlightListToCsvListTests" tests="2" skipped="0" failures="0" errors="0" timestamp="2023-11-04T21:06:16" hostname="SUIK" time="0.024">
  <properties/>
  <testcase name="testConvertFlightListToCsvListWithNullList()" classname="org.example.controllers.ConversionTest$ConvertFlightListToCsvListTests" time="0.018"/>
  <testcase name="testConvertFlightListToCsvList()" classname="org.example.controllers.ConversionTest$ConvertFlightListToCsvListTests" time="0.004"/>
  <system-out><![CDATA[]]></system-out>
  <system-err><![CDATA[]]></system-err>
</testsuite>
